<?xml version="1.0" encoding="UTF-8"?>
<testng-results skipped="0" failed="0" ignored="4" total="7" passed="3">
  <reporter-output>
  </reporter-output>
  <suite name="All Test Suite" duration-ms="88824" started-at="2022-10-18T14:08:42Z" finished-at="2022-10-18T14:10:11Z">
    <groups>
    </groups>
    <test name="C:/Users/VenD-Haris/IdeaProjects/AppiumFramework" duration-ms="88824" started-at="2022-10-18T14:08:42Z" finished-at="2022-10-18T14:10:11Z">
      <class name="test.Scenario1">
        <test-method status="PASS" signature="setUp()[pri:0, instance:test.Scenario1@79698539]" name="setUp" is-config="true" duration-ms="13377" started-at="2022-10-18T14:08:42Z" finished-at="2022-10-18T14:08:56Z">
          <reporter-output>
          </reporter-output>
        </test-method> <!-- setUp -->
        <test-method status="PASS" signature="scenario1()[pri:0, instance:test.Scenario1@79698539]" name="scenario1" duration-ms="57195" started-at="2022-10-18T14:08:56Z" finished-at="2022-10-18T14:09:53Z">
          <reporter-output>
          </reporter-output>
        </test-method> <!-- scenario1 -->
        <test-method status="PASS" signature="tearDown()[pri:0, instance:test.Scenario1@79698539]" name="tearDown" is-config="true" duration-ms="0" started-at="2022-10-18T14:10:11Z" finished-at="2022-10-18T14:10:11Z">
          <reporter-output>
          </reporter-output>
        </test-method> <!-- tearDown -->
      </class> <!-- test.Scenario1 -->
      <class name="test.Scenario2">
        <test-method status="PASS" signature="scenario2()[pri:0, instance:test.Scenario2@73f792cf]" name="scenario2" duration-ms="15655" started-at="2022-10-18T14:09:53Z" finished-at="2022-10-18T14:10:09Z">
          <reporter-output>
          </reporter-output>
        </test-method> <!-- scenario2 -->
      </class> <!-- test.Scenario2 -->
      <class name="test.Scenario3">
        <test-method status="PASS" signature="scenario3()[pri:0, instance:test.Scenario3@2ed94a8b]" name="scenario3" duration-ms="2572" started-at="2022-10-18T14:10:09Z" finished-at="2022-10-18T14:10:11Z">
          <reporter-output>
          </reporter-output>
        </test-method> <!-- scenario3 -->
      </class> <!-- test.Scenario3 -->
    </test> <!-- C:/Users/VenD-Haris/IdeaProjects/AppiumFramework -->
  </suite> <!-- All Test Suite -->
</testng-results>
